<?xml version="1.0" encoding="UTF-8"?>
<!-- Generated by org.testng.reporters.JUnitXMLReporter -->
<testsuite hostname="HEY-JOY" ignored="0" name="Default test" tests="4" failures="0" timestamp="09 Feb 2022 11:06:24 GMT" time="53.824" errors="0">
  <testcase name="tc" time="16.398" classname="demoTestng.Dempp"/>
  <testcase name="tc" time="12.072" classname="demoTestng.Dempp"/>
  <testcase name="tc" time="12.586" classname="demoTestng.Dempp"/>
  <testcase name="tc" time="12.334" classname="demoTestng.Dempp"/>
</testsuite> <!-- Default test -->
