<?xml version="1.0" encoding="UTF-8"?>
<!-- Generated by org.testng.reporters.JUnitXMLReporter -->
<testsuite hostname="HEY-JOY" ignored="0" name="Test" tests="4" failures="0" timestamp="08 Feb 2022 10:16:16 GMT" time="37.516" errors="0">
  <testcase name="facebook" time="37.24" classname="demoTestng.DemoPM"/>
  <testcase name="google" time="37.24" classname="demoTestng.DemoPM"/>
  <testcase name="tc" time="37.24" classname="demoTestng.P1"/>
  <testcase name="tc" time="37.477" classname="demoTestng.P2"/>
</testsuite> <!-- Test -->
